<?xml version="1.0" encoding="UTF-8"?>
<coverage generated="1434223679">
  <project timestamp="1434223679">
    <file name="/home/la/workspace/ci-php-sample/src/Foo.php">
      <class name="Foo" namespace="global">
        <metrics methods="1" coveredmethods="0" conditionals="0" coveredconditionals="0" statements="9" coveredstatements="0" elements="10" coveredelements="0"/>
      </class>
      <line num="6" type="method" name="bar" crap="30" count="0"/>
      <line num="7" type="stmt" count="0"/>
      <line num="8" type="stmt" count="0"/>
      <line num="9" type="stmt" count="0"/>
      <line num="10" type="stmt" count="0"/>
      <line num="11" type="stmt" count="0"/>
      <line num="12" type="stmt" count="0"/>
      <line num="13" type="stmt" count="0"/>
      <line num="14" type="stmt" count="0"/>
      <line num="15" type="stmt" count="0"/>
      <metrics loc="16" ncloc="13" classes="1" methods="1" coveredmethods="0" conditionals="0" coveredconditionals="0" statements="9" coveredstatements="0" elements="10" coveredelements="0"/>
    </file>
    <file name="/home/la/workspace/ci-php-sample/src/Tests/FooTest.php">
      <class name="FooTest" namespace="global">
        <metrics methods="1" coveredmethods="1" conditionals="0" coveredconditionals="0" statements="2" coveredstatements="2" elements="3" coveredelements="3"/>
      </class>
      <line num="5" type="method" name="testSample" crap="1" count="1"/>
      <line num="7" type="stmt" count="1"/>
      <line num="8" type="stmt" count="1"/>
      <line num="471" type="stmt" count="1"/>
      <metrics loc="9" ncloc="9" classes="1" methods="1" coveredmethods="1" conditionals="0" coveredconditionals="0" statements="2" coveredstatements="2" elements="3" coveredelements="3"/>
    </file>
    <metrics files="2" loc="25" ncloc="22" classes="2" methods="2" coveredmethods="1" conditionals="0" coveredconditionals="0" statements="11" coveredstatements="2" elements="13" coveredelements="3"/>
  </project>
</coverage>
